<?xml version="1.0" encoding="UTF-8"?>
<!-- Generated by org.testng.reporters.JUnitReportReporter -->
<testsuite skipped="0" hostname="LAPTOP-EG3C4IFC" name="com.hubspot.generic.qa.testPages.ContactPagetest" tests="7" failures="0" timestamp="2020-07-28T20:55:17 EDT" time="151.523" errors="0">
  <testcase name="verifyTheContactsPagetitle" time="16.956" classname="com.hubspot.generic.qa.testPages.ContactPagetest"/>
  <system-out/>
  <testcase name="validateusercanCreateNewContacts" time="22.279" classname="com.hubspot.generic.qa.testPages.ContactPagetest"/>
  <system-out/>
  <testcase name="validateusercanCreateNewContacts" time="23.629" classname="com.hubspot.generic.qa.testPages.ContactPagetest"/>
  <system-out/>
  <testcase name="validateusercanCreateNewContacts" time="21.272" classname="com.hubspot.generic.qa.testPages.ContactPagetest"/>
  <system-out/>
  <testcase name="validateusercanCreateNewContacts" time="22.478" classname="com.hubspot.generic.qa.testPages.ContactPagetest"/>
  <system-out/>
  <testcase name="validateusercanCreateNewContacts" time="23.881" classname="com.hubspot.generic.qa.testPages.ContactPagetest"/>
  <system-out/>
  <testcase name="deleteContacts" time="21.028" classname="com.hubspot.generic.qa.testPages.ContactPagetest"/>
  <system-out/>
</testsuite> <!-- com.hubspot.generic.qa.testPages.ContactPagetest -->
