<?xml version="1.0" encoding="UTF-8"?>
<!-- Generated by org.testng.reporters.JUnitReportReporter -->
<testsuite skipped="0" hostname="LAPTOP-EG3C4IFC" name="com.hubspot.generic.qa.testPages.ContactPagetest" tests="7" failures="0" timestamp="2020-07-28T23:10:01 EDT" time="148.515" errors="0">
  <testcase name="verifyTheContactsPagetitle" time="17.333" classname="com.hubspot.generic.qa.testPages.ContactPagetest"/>
  <system-out/>
  <testcase name="validateusercanCreateNewContacts" time="21.730" classname="com.hubspot.generic.qa.testPages.ContactPagetest"/>
  <system-out/>
  <testcase name="validateusercanCreateNewContacts" time="22.902" classname="com.hubspot.generic.qa.testPages.ContactPagetest"/>
  <system-out/>
  <testcase name="validateusercanCreateNewContacts" time="21.988" classname="com.hubspot.generic.qa.testPages.ContactPagetest"/>
  <system-out/>
  <testcase name="validateusercanCreateNewContacts" time="22.216" classname="com.hubspot.generic.qa.testPages.ContactPagetest"/>
  <system-out/>
  <testcase name="validateusercanCreateNewContacts" time="20.758" classname="com.hubspot.generic.qa.testPages.ContactPagetest"/>
  <system-out/>
  <testcase name="deleteContacts" time="21.588" classname="com.hubspot.generic.qa.testPages.ContactPagetest"/>
  <system-out/>
</testsuite> <!-- com.hubspot.generic.qa.testPages.ContactPagetest -->
