<?xml version="1.0" encoding="UTF-8"?>
<!-- Generated by org.testng.reporters.JUnitReportReporter -->
<testsuite skipped="0" hostname="LAPTOP-EG3C4IFC" name="com.hubspot.generic.qa.testPages.ContactPagetest" tests="7" failures="0" timestamp="2020-07-28T21:34:06 EDT" time="145.906" errors="0">
  <testcase name="verifyTheContactsPagetitle" time="17.286" classname="com.hubspot.generic.qa.testPages.ContactPagetest"/>
  <system-out/>
  <testcase name="validateusercanCreateNewContacts" time="21.109" classname="com.hubspot.generic.qa.testPages.ContactPagetest"/>
  <system-out/>
  <testcase name="validateusercanCreateNewContacts" time="21.538" classname="com.hubspot.generic.qa.testPages.ContactPagetest"/>
  <system-out/>
  <testcase name="validateusercanCreateNewContacts" time="20.946" classname="com.hubspot.generic.qa.testPages.ContactPagetest"/>
  <system-out/>
  <testcase name="validateusercanCreateNewContacts" time="22.188" classname="com.hubspot.generic.qa.testPages.ContactPagetest"/>
  <system-out/>
  <testcase name="validateusercanCreateNewContacts" time="20.844" classname="com.hubspot.generic.qa.testPages.ContactPagetest"/>
  <system-out/>
  <testcase name="deleteContacts" time="21.995" classname="com.hubspot.generic.qa.testPages.ContactPagetest"/>
  <system-out/>
</testsuite> <!-- com.hubspot.generic.qa.testPages.ContactPagetest -->
