<?xml version="1.0" encoding="UTF-8"?>
<!-- Generated by org.testng.reporters.JUnitReportReporter -->
<testsuite skipped="0" hostname="LAPTOP-EG3C4IFC" name="com.hubspot.generic.qa.testPages.logintest" tests="1" failures="0" timestamp="2020-07-28T20:55:17 EDT" time="12.900" errors="0">
  <testcase name="verifyusercanLogin" time="12.900" classname="com.hubspot.generic.qa.testPages.logintest"/>
  <system-out/>
</testsuite> <!-- com.hubspot.generic.qa.testPages.logintest -->
