<?xml version="1.0" encoding="UTF-8"?>
<!-- Generated by org.testng.reporters.JUnitReportReporter -->
<testsuite skipped="0" hostname="LAPTOP-EG3C4IFC" name="com.hubspot.generic.qa.testPages.logintest" tests="1" failures="0" timestamp="2020-07-29T14:45:50 EDT" time="11.503" errors="0">
  <testcase name="verifyusercanLogin" time="11.503" classname="com.hubspot.generic.qa.testPages.logintest"/>
  <system-out/>
</testsuite> <!-- com.hubspot.generic.qa.testPages.logintest -->
